#
# There is insufficient memory for the Java Runtime Environment to continue.
# Native memory allocation (malloc) failed to allocate 183760 bytes for Chunk::new
# Possible reasons:
#   The system is out of physical RAM or swap space
#   The process is running with CompressedOops enabled, and the Java Heap may be blocking the growth of the native heap
# Possible solutions:
#   Reduce memory load on the system
#   Increase physical memory or swap space
#   Check if swap backing store is full
#   Decrease Java heap size (-Xmx/-Xms)
#   Decrease number of Java threads
#   Decrease Java thread stack sizes (-Xss)
#   Set larger code cache with -XX:ReservedCodeCacheSize=
#   JVM is running with Zero Based Compressed Oops mode in which the Java heap is
#     placed in the first 32GB address space. The Java Heap base address is the
#     maximum limit for the native heap growth. Please use -XX:HeapBaseMinAddress
#     to set the Java Heap base and to place the Java Heap above 32GB virtual address.
# This output file may be truncated or incomplete.
#
#  Out of Memory Error (arena.cpp:184), pid=7920, tid=12620
#
# JRE version: Java(TM) SE Runtime Environment (19.0.2+7) (build 19.0.2+7-44)
# Java VM: Java HotSpot(TM) 64-Bit Server VM (19.0.2+7-44, mixed mode, sharing, tiered, compressed oops, compressed class ptrs, g1 gc, windows-amd64)
# No core dump will be written. Minidumps are not enabled by default on client versions of Windows
#

---------------  S U M M A R Y ------------

Command Line: -javaagent:C:\Program Files\JetBrains\IntelliJ IDEA Community Edition 2022.3.2\lib\idea_rt.jar=55854:C:\Program Files\JetBrains\IntelliJ IDEA Community Edition 2022.3.2\bin -Dfile.encoding=UTF-8 -Dsun.stdout.encoding=UTF-8 -Dsun.stderr.encoding=UTF-8 com.PorfolioWeb.PorfolioBackend.PorfolioBackendApplication

Host: AMD Ryzen 5 3400G with Radeon Vega Graphics    , 8 cores, 15G,  Windows 10 , 64 bit Build 19041 (10.0.19041.2788)
Time: Sat Apr 22 19:32:40 2023 Hora estándar de Argentina elapsed time: 770.422675 seconds (0d 0h 12m 50s)

---------------  T H R E A D  ---------------

Current thread (0x000001e83f70f360):  JavaThread "C2 CompilerThread0" daemon [_thread_in_native, id=12620, stack(0x000000d9a3c00000,0x000000d9a3d00000)]


Current CompileTask:
C2: 770422 10499       4       org.hibernate.engine.spi.SubselectFetch::createRegistrationHandler (45 bytes)

Stack: [0x000000d9a3c00000,0x000000d9a3d00000]
Native frames: (J=compiled Java code, j=interpreted, Vv=VM code, C=native code)
V  [jvm.dll+0x6ee21a]
V  [jvm.dll+0x85765e]
V  [jvm.dll+0x85904e]
V  [jvm.dll+0x859703]
V  [jvm.dll+0x28298f]
V  [jvm.dll+0xc9adf]
V  [jvm.dll+0xc9e65]
V  [jvm.dll+0x3bca4c]
V  [jvm.dll+0x3860e1]
V  [jvm.dll+0x38555a]
V  [jvm.dll+0x24c3d9]
V  [jvm.dll+0x24b781]
V  [jvm.dll+0x1d6ce1]
V  [jvm.dll+0x25b25a]
V  [jvm.dll+0x2596e8]
V  [jvm.dll+0x807588]
V  [jvm.dll+0x80125a]
V  [jvm.dll+0x6ecf0b]
C  [ucrtbase.dll+0x21bb2]
C  [KERNEL32.DLL+0x17604]
C  [ntdll.dll+0x526a1]


---------------  P R O C E S S  ---------------

Threads class SMR info:
_java_thread_list=0x000001e846eb1a50, length=34, elements={
0x000001e83f700310, 0x000001e83f7012a0, 0x000001e83f705990, 0x000001e83f708970,
0x000001e83f709440, 0x000001e83f70a050, 0x000001e83f70f360, 0x000001e83f731e90,
0x000001e83f73a9b0, 0x000001e83f6d3740, 0x000001e843c61b90, 0x000001e843c620d0,
0x000001e8465738a0, 0x000001e845719d60, 0x000001e8465f3e50, 0x000001e844c28580,
0x000001e844c28030, 0x000001e844c255b0, 0x000001e844c26af0, 0x000001e844c27040,
0x000001e844c27590, 0x000001e844c26050, 0x000001e844c27ae0, 0x000001e84602f7f0,
0x000001e84602d2c0, 0x000001e84602fd40, 0x000001e84602dd60, 0x000001e84602e2b0,
0x000001e84602d810, 0x000001e84602c820, 0x000001e84602e800, 0x000001e84602cd70,
0x000001e8443298e0, 0x000001e844327d10
}

Java Threads: ( => current thread )
  0x000001e83f700310 JavaThread "Reference Handler" daemon [_thread_blocked, id=4240, stack(0x000000d9a3600000,0x000000d9a3700000)]
  0x000001e83f7012a0 JavaThread "Finalizer" daemon [_thread_blocked, id=17912, stack(0x000000d9a3700000,0x000000d9a3800000)]
  0x000001e83f705990 JavaThread "Signal Dispatcher" daemon [_thread_blocked, id=16388, stack(0x000000d9a3800000,0x000000d9a3900000)]
  0x000001e83f708970 JavaThread "Attach Listener" daemon [_thread_blocked, id=11636, stack(0x000000d9a3900000,0x000000d9a3a00000)]
  0x000001e83f709440 JavaThread "Service Thread" daemon [_thread_blocked, id=8968, stack(0x000000d9a3a00000,0x000000d9a3b00000)]
  0x000001e83f70a050 JavaThread "Monitor Deflation Thread" daemon [_thread_blocked, id=15608, stack(0x000000d9a3b00000,0x000000d9a3c00000)]
=>0x000001e83f70f360 JavaThread "C2 CompilerThread0" daemon [_thread_in_native, id=12620, stack(0x000000d9a3c00000,0x000000d9a3d00000)]
  0x000001e83f731e90 JavaThread "C1 CompilerThread0" daemon [_thread_blocked, id=15424, stack(0x000000d9a3d00000,0x000000d9a3e00000)]
  0x000001e83f73a9b0 JavaThread "Sweeper thread" daemon [_thread_blocked, id=940, stack(0x000000d9a3e00000,0x000000d9a3f00000)]
  0x000001e83f6d3740 JavaThread "Common-Cleaner" daemon [_thread_blocked, id=15776, stack(0x000000d9a3f00000,0x000000d9a4000000)]
  0x000001e843c61b90 JavaThread "Monitor Ctrl-Break" daemon [_thread_in_native, id=508, stack(0x000000d9a4100000,0x000000d9a4200000)]
  0x000001e843c620d0 JavaThread "Notification Thread" daemon [_thread_blocked, id=3356, stack(0x000000d9a4200000,0x000000d9a4300000)]
  0x000001e8465738a0 JavaThread "Catalina-utility-1" [_thread_blocked, id=1220, stack(0x000000d9a4f00000,0x000000d9a5000000)]
  0x000001e845719d60 JavaThread "Catalina-utility-2" [_thread_blocked, id=8124, stack(0x000000d9a5000000,0x000000d9a5100000)]
  0x000001e8465f3e50 JavaThread "container-0" [_thread_blocked, id=14080, stack(0x000000d9a5100000,0x000000d9a5200000)]
  0x000001e844c28580 JavaThread "mysql-cj-abandoned-connection-cleanup" daemon [_thread_blocked, id=10588, stack(0x000000d9a5200000,0x000000d9a5300000)]
  0x000001e844c28030 JavaThread "HikariPool-1 housekeeper" daemon [_thread_blocked, id=6504, stack(0x000000d9a5400000,0x000000d9a5500000)]
  0x000001e844c255b0 JavaThread "File Watcher" daemon [_thread_blocked, id=9984, stack(0x000000d9a5600000,0x000000d9a5700000)]
  0x000001e844c26af0 JavaThread "Live Reload Server" daemon [_thread_in_native, id=13880, stack(0x000000d9a5800000,0x000000d9a5900000)]
  0x000001e844c27040 JavaThread "http-nio-8080-exec-1" daemon [_thread_blocked, id=17948, stack(0x000000d9a5700000,0x000000d9a5800000)]
  0x000001e844c27590 JavaThread "http-nio-8080-exec-2" daemon [_thread_in_Java, id=12068, stack(0x000000d9a5900000,0x000000d9a5a00000)]
  0x000001e844c26050 JavaThread "http-nio-8080-exec-3" daemon [_thread_blocked, id=14208, stack(0x000000d9a5a00000,0x000000d9a5b00000)]
  0x000001e844c27ae0 JavaThread "http-nio-8080-exec-4" daemon [_thread_blocked, id=17916, stack(0x000000d9a5b00000,0x000000d9a5c00000)]
  0x000001e84602f7f0 JavaThread "http-nio-8080-exec-5" daemon [_thread_blocked, id=11976, stack(0x000000d9a5c00000,0x000000d9a5d00000)]
  0x000001e84602d2c0 JavaThread "http-nio-8080-exec-6" daemon [_thread_blocked, id=12408, stack(0x000000d9a5d00000,0x000000d9a5e00000)]
  0x000001e84602fd40 JavaThread "http-nio-8080-exec-7" daemon [_thread_blocked, id=7544, stack(0x000000d9a5e00000,0x000000d9a5f00000)]
  0x000001e84602dd60 JavaThread "http-nio-8080-exec-8" daemon [_thread_blocked, id=8164, stack(0x000000d9a5f00000,0x000000d9a6000000)]
  0x000001e84602e2b0 JavaThread "http-nio-8080-exec-9" daemon [_thread_blocked, id=13356, stack(0x000000d9a6000000,0x000000d9a6100000)]
  0x000001e84602d810 JavaThread "http-nio-8080-exec-10" daemon [_thread_blocked, id=14304, stack(0x000000d9a6100000,0x000000d9a6200000)]
  0x000001e84602c820 JavaThread "http-nio-8080-Poller" daemon [_thread_in_native, id=3280, stack(0x000000d9a6200000,0x000000d9a6300000)]
  0x000001e84602e800 JavaThread "http-nio-8080-Acceptor" daemon [_thread_in_native, id=10448, stack(0x000000d9a6300000,0x000000d9a6400000)]
  0x000001e84602cd70 JavaThread "DestroyJavaVM" [_thread_blocked, id=7312, stack(0x000000d9a2f00000,0x000000d9a3000000)]
  0x000001e8443298e0 JavaThread "C2 CompilerThread1" daemon [_thread_in_native, id=8924, stack(0x000000d9a2c00000,0x000000d9a2d00000)]
  0x000001e844327d10 JavaThread "C2 CompilerThread2" daemon [_thread_in_native, id=6832, stack(0x000000d9a2d00000,0x000000d9a2e00000)]

Other Threads:
  0x000001e83f6e3b30 VMThread "VM Thread" [stack: 0x000000d9a3500000,0x000000d9a3600000] [id=7628]
  0x000001e843e5cca0 WatcherThread "VM Periodic Task Thread" [stack: 0x000000d9a4300000,0x000000d9a4400000] [id=5664]
  0x000001e81c329e30 WorkerThread "GC Thread#0" [stack: 0x000000d9a3000000,0x000000d9a3100000] [id=3332]
  0x000001e8446d9a50 WorkerThread "GC Thread#1" [stack: 0x000000d9a4600000,0x000000d9a4700000] [id=17132]
  0x000001e8446d9d20 WorkerThread "GC Thread#2" [stack: 0x000000d9a4700000,0x000000d9a4800000] [id=9244]
  0x000001e8446fc380 WorkerThread "GC Thread#3" [stack: 0x000000d9a4800000,0x000000d9a4900000] [id=11376]
  0x000001e8446e9990 WorkerThread "GC Thread#4" [stack: 0x000000d9a4900000,0x000000d9a4a00000] [id=212]
  0x000001e8446e9c60 WorkerThread "GC Thread#5" [stack: 0x000000d9a4a00000,0x000000d9a4b00000] [id=1600]
  0x000001e8446e9f30 WorkerThread "GC Thread#6" [stack: 0x000000d9a4c00000,0x000000d9a4d00000] [id=18060]
  0x000001e8446e85e0 WorkerThread "GC Thread#7" [stack: 0x000000d9a4d00000,0x000000d9a4e00000] [id=8440]
  0x000001e81a26dfa0 ConcurrentGCThread "G1 Main Marker" [stack: 0x000000d9a3100000,0x000000d9a3200000] [id=15736]
  0x000001e81a26e8e0 WorkerThread "G1 Conc#0" [stack: 0x000000d9a3200000,0x000000d9a3300000] [id=16792]
  0x000001e8446e93f0 WorkerThread "G1 Conc#1" [stack: 0x000000d9a4e00000,0x000000d9a4f00000] [id=6172]
  0x000001e81c37e380 ConcurrentGCThread "G1 Refine#0" [stack: 0x000000d9a3300000,0x000000d9a3400000] [id=16256]
  0x000001e83f59e140 ConcurrentGCThread "G1 Service" [stack: 0x000000d9a3400000,0x000000d9a3500000] [id=980]

Threads with active compile tasks:
C2 CompilerThread0   770457 10499       4       org.hibernate.engine.spi.SubselectFetch::createRegistrationHandler (45 bytes)
C2 CompilerThread1   770457 10497       4       org.hibernate.query.sqm.internal.ConcreteSqmSelectQueryPlan$$Lambda$1275/0x000000080177ea78::interpret (28 bytes)
C2 CompilerThread2   770457 10498   !   4       org.hibernate.query.sqm.internal.ConcreteSqmSelectQueryPlan::lambda$new$0 (120 bytes)

VM state: not at safepoint (normal execution)

VM Mutex/Monitor currently owned by a thread: None

Heap address: 0x0000000701000000, size: 4080 MB, Compressed Oops mode: Zero based, Oop shift amount: 3

CDS archive(s) mapped at: [0x0000000800000000-0x0000000800c40000-0x0000000800c40000), size 12845056, SharedBaseAddress: 0x0000000800000000, ArchiveRelocationMode: 0.
Compressed class space mapped at: 0x0000000801000000-0x0000000841000000, reserved size: 1073741824
Narrow klass base: 0x0000000800000000, Narrow klass shift: 0, Narrow klass range: 0x100000000

GC Precious Log:
 CardTable entry size: 512
 Card Set container configuration: InlinePtr #cards 4 size 8 Array Of Cards #cards 16 size 48 Howl #buckets 8 coarsen threshold 3686 Howl Bitmap #cards 512 size 80 coarsen threshold 460 Card regions per heap region 1 cards per card region 4096
 CPUs: 8 total, 8 available
 Memory: 16312M
 Large Page Support: Disabled
 NUMA Support: Disabled
 Compressed Oops: Enabled (Zero based)
 Heap Region Size: 2M
 Heap Min Capacity: 8M
 Heap Initial Capacity: 256M
 Heap Max Capacity: 4080M
 Pre-touch: Disabled
 Parallel Workers: 8
 Concurrent Workers: 2
 Concurrent Refinement Workers: 8
 Periodic GC: Disabled

Heap:
 garbage-first heap   total 102400K, used 59966K [0x0000000701000000, 0x0000000800000000)
  region size 2048K, 19 young (38912K), 1 survivors (2048K)
 Metaspace       used 61688K, committed 62272K, reserved 1114112K
  class space    used 7656K, committed 7936K, reserved 1048576K

Heap Regions: E=young(eden), S=young(survivor), O=old, HS=humongous(starts), HC=humongous(continues), CS=collection set, F=free, OA=open archive, CA=closed archive, TAMS=top-at-mark-start (previous, next)
|   0|0x0000000701000000, 0x0000000701200000, 0x0000000701200000|100%| O|  |TAMS 0x0000000701200000, 0x0000000701000000| Untracked 
|   1|0x0000000701200000, 0x0000000701400000, 0x0000000701400000|100%| O|  |TAMS 0x0000000701400000, 0x0000000701200000| Untracked 
|   2|0x0000000701400000, 0x0000000701600000, 0x0000000701600000|100%| O|  |TAMS 0x0000000701600000, 0x0000000701400000| Untracked 
|   3|0x0000000701600000, 0x0000000701800000, 0x0000000701800000|100%| O|  |TAMS 0x0000000701800000, 0x0000000701600000| Untracked 
|   4|0x0000000701800000, 0x0000000701a00000, 0x0000000701a00000|100%| O|  |TAMS 0x0000000701a00000, 0x0000000701800000| Untracked 
|   5|0x0000000701a00000, 0x0000000701c00000, 0x0000000701c00000|100%| O|  |TAMS 0x0000000701c00000, 0x0000000701a00000| Untracked 
|   6|0x0000000701c00000, 0x0000000701e00000, 0x0000000701e00000|100%| O|  |TAMS 0x0000000701e00000, 0x0000000701c00000| Untracked 
|   7|0x0000000701e00000, 0x0000000702000000, 0x0000000702000000|100%| O|  |TAMS 0x0000000701e00000, 0x0000000701e00000| Untracked 
|   8|0x0000000702000000, 0x0000000702200000, 0x0000000702200000|100%| O|  |TAMS 0x0000000702200000, 0x0000000702000000| Untracked 
|   9|0x0000000702200000, 0x0000000702400000, 0x0000000702400000|100%| O|  |TAMS 0x0000000702400000, 0x0000000702200000| Untracked 
|  10|0x0000000702400000, 0x0000000702400000, 0x0000000702600000|  0%| F|  |TAMS 0x0000000702400000, 0x0000000702400000| Untracked 
|  11|0x0000000702600000, 0x0000000702800000, 0x0000000702800000|100%| O|  |TAMS 0x0000000702600000, 0x0000000702600000| Untracked 
|  12|0x0000000702800000, 0x0000000702a00000, 0x0000000702a00000|100%| O|  |TAMS 0x0000000702800000, 0x0000000702800000| Untracked 
|  13|0x0000000702a00000, 0x0000000702a7bc00, 0x0000000702c00000| 24%| O|  |TAMS 0x0000000702a00000, 0x0000000702a00000| Untracked 
|  14|0x0000000702c00000, 0x0000000702c00000, 0x0000000702e00000|  0%| F|  |TAMS 0x0000000702c00000, 0x0000000702c00000| Untracked 
|  15|0x0000000702e00000, 0x0000000702e00000, 0x0000000703000000|  0%| F|  |TAMS 0x0000000702e00000, 0x0000000702e00000| Untracked 
|  16|0x0000000703000000, 0x0000000703000000, 0x0000000703200000|  0%| F|  |TAMS 0x0000000703000000, 0x0000000703000000| Untracked 
|  17|0x0000000703200000, 0x0000000703200000, 0x0000000703400000|  0%| F|  |TAMS 0x0000000703200000, 0x0000000703200000| Untracked 
|  18|0x0000000703400000, 0x0000000703400000, 0x0000000703600000|  0%| F|  |TAMS 0x0000000703400000, 0x0000000703400000| Untracked 
|  19|0x0000000703600000, 0x0000000703613de0, 0x0000000703800000|  3%| S|CS|TAMS 0x0000000703600000, 0x0000000703600000| Complete 
|  20|0x0000000703800000, 0x0000000703800000, 0x0000000703a00000|  0%| F|  |TAMS 0x0000000703800000, 0x0000000703800000| Untracked 
|  21|0x0000000703a00000, 0x0000000703a00000, 0x0000000703c00000|  0%| F|  |TAMS 0x0000000703a00000, 0x0000000703a00000| Untracked 
|  22|0x0000000703c00000, 0x0000000703c00000, 0x0000000703e00000|  0%| F|  |TAMS 0x0000000703c00000, 0x0000000703c00000| Untracked 
|  23|0x0000000703e00000, 0x0000000703e00000, 0x0000000704000000|  0%| F|  |TAMS 0x0000000703e00000, 0x0000000703e00000| Untracked 
|  24|0x0000000704000000, 0x0000000704000000, 0x0000000704200000|  0%| F|  |TAMS 0x0000000704000000, 0x0000000704000000| Untracked 
|  25|0x0000000704200000, 0x0000000704200000, 0x0000000704400000|  0%| F|  |TAMS 0x0000000704200000, 0x0000000704200000| Untracked 
|  26|0x0000000704400000, 0x0000000704400000, 0x0000000704600000|  0%| F|  |TAMS 0x0000000704400000, 0x0000000704400000| Untracked 
|  27|0x0000000704600000, 0x0000000704600000, 0x0000000704800000|  0%| F|  |TAMS 0x0000000704600000, 0x0000000704600000| Untracked 
|  28|0x0000000704800000, 0x0000000704800000, 0x0000000704a00000|  0%| F|  |TAMS 0x0000000704800000, 0x0000000704800000| Untracked 
|  29|0x0000000704a00000, 0x0000000704a00000, 0x0000000704c00000|  0%| F|  |TAMS 0x0000000704a00000, 0x0000000704a00000| Untracked 
|  30|0x0000000704c00000, 0x0000000704c00000, 0x0000000704e00000|  0%| F|  |TAMS 0x0000000704c00000, 0x0000000704c00000| Untracked 
|  31|0x0000000704e00000, 0x0000000704e00000, 0x0000000705000000|  0%| F|  |TAMS 0x0000000704e00000, 0x0000000704e00000| Untracked 
|  32|0x0000000705000000, 0x00000007051b7fa8, 0x0000000705200000| 85%| E|  |TAMS 0x0000000705000000, 0x0000000705000000| Complete 
|  33|0x0000000705200000, 0x0000000705400000, 0x0000000705400000|100%| E|CS|TAMS 0x0000000705200000, 0x0000000705200000| Complete 
|  34|0x0000000705400000, 0x0000000705600000, 0x0000000705600000|100%| E|CS|TAMS 0x0000000705400000, 0x0000000705400000| Complete 
|  35|0x0000000705600000, 0x0000000705800000, 0x0000000705800000|100%| E|CS|TAMS 0x0000000705600000, 0x0000000705600000| Complete 
|  36|0x0000000705800000, 0x0000000705a00000, 0x0000000705a00000|100%| E|CS|TAMS 0x0000000705800000, 0x0000000705800000| Complete 
|  37|0x0000000705a00000, 0x0000000705c00000, 0x0000000705c00000|100%| E|CS|TAMS 0x0000000705a00000, 0x0000000705a00000| Complete 
|  38|0x0000000705c00000, 0x0000000705e00000, 0x0000000705e00000|100%| E|CS|TAMS 0x0000000705c00000, 0x0000000705c00000| Complete 
|  39|0x0000000705e00000, 0x0000000706000000, 0x0000000706000000|100%| E|CS|TAMS 0x0000000705e00000, 0x0000000705e00000| Complete 
|  40|0x0000000706000000, 0x0000000706200000, 0x0000000706200000|100%| E|CS|TAMS 0x0000000706000000, 0x0000000706000000| Complete 
|  41|0x0000000706200000, 0x0000000706400000, 0x0000000706400000|100%| E|CS|TAMS 0x0000000706200000, 0x0000000706200000| Complete 
|  42|0x0000000706400000, 0x0000000706600000, 0x0000000706600000|100%| E|CS|TAMS 0x0000000706400000, 0x0000000706400000| Complete 
|  43|0x0000000706600000, 0x0000000706800000, 0x0000000706800000|100%| E|CS|TAMS 0x0000000706600000, 0x0000000706600000| Complete 
|  44|0x0000000706800000, 0x0000000706a00000, 0x0000000706a00000|100%| E|CS|TAMS 0x0000000706800000, 0x0000000706800000| Complete 
|  66|0x0000000709400000, 0x0000000709600000, 0x0000000709600000|100%| E|CS|TAMS 0x0000000709400000, 0x0000000709400000| Complete 
|  67|0x0000000709600000, 0x0000000709800000, 0x0000000709800000|100%| E|CS|TAMS 0x0000000709600000, 0x0000000709600000| Complete 
|  68|0x0000000709800000, 0x0000000709a00000, 0x0000000709a00000|100%| E|CS|TAMS 0x0000000709800000, 0x0000000709800000| Complete 
|  69|0x0000000709a00000, 0x0000000709c00000, 0x0000000709c00000|100%| E|CS|TAMS 0x0000000709a00000, 0x0000000709a00000| Complete 
| 127|0x0000000710e00000, 0x0000000711000000, 0x0000000711000000|100%| E|CS|TAMS 0x0000000710e00000, 0x0000000710e00000| Complete 

Card table byte_map: [0x000001e833d50000,0x000001e834550000] _byte_map_base: 0x000001e830548000

Marking Bits (Prev, Next): (CMBitMap*) 0x000001e81c32a4a0, (CMBitMap*) 0x000001e81c32a460
 Prev Bits: [0x000001e838d10000, 0x000001e83ccd0000)
 Next Bits: [0x000001e834d50000, 0x000001e838d10000)

Polling page: 0x000001e81a150000

Metaspace:

Usage:
  Non-class:     52.77 MB used.
      Class:      7.48 MB used.
       Both:     60.24 MB used.

Virtual space:
  Non-class space:       64.00 MB reserved,      53.06 MB ( 83%) committed,  1 nodes.
      Class space:        1.00 GB reserved,       7.75 MB ( <1%) committed,  1 nodes.
             Both:        1.06 GB reserved,      60.81 MB (  6%) committed. 

Chunk freelists:
   Non-Class:  2.75 MB
       Class:  288.00 KB
        Both:  3.03 MB

MaxMetaspaceSize: unlimited
CompressedClassSpaceSize: 1.00 GB
Initial GC threshold: 21.00 MB
Current GC threshold: 98.44 MB
CDS: on
MetaspaceReclaimPolicy: balanced
 - commit_granule_bytes: 65536.
 - commit_granule_words: 8192.
 - virtual_space_node_default_size: 8388608.
 - enlarge_chunks_in_place: 1.
 - new_chunks_are_fully_committed: 0.
 - uncommit_free_chunks: 1.
 - use_allocation_guard: 0.


Internal statistics:

num_allocs_failed_limit: 9.
num_arena_births: 856.
num_arena_deaths: 0.
num_vsnodes_births: 2.
num_vsnodes_deaths: 0.
num_space_committed: 973.
num_space_uncommitted: 0.
num_chunks_returned_to_freelist: 9.
num_chunks_taken_from_freelist: 3060.
num_chunk_merges: 9.
num_chunk_splits: 2248.
num_chunks_enlarged: 1832.
num_inconsistent_stats: 0.

CodeHeap 'non-profiled nmethods': size=120000Kb used=10138Kb max_used=10138Kb free=109861Kb
 bounds [0x000001e82bcf0000, 0x000001e82c6e0000, 0x000001e833220000]
CodeHeap 'profiled nmethods': size=120000Kb used=14361Kb max_used=17342Kb free=105638Kb
 bounds [0x000001e824220000, 0x000001e825310000, 0x000001e82b750000]
CodeHeap 'non-nmethods': size=5760Kb used=1407Kb max_used=1487Kb free=4352Kb
 bounds [0x000001e82b750000, 0x000001e82b9c0000, 0x000001e82bcf0000]
 total_blobs=9006 nmethods=8350 adapters=566
 compilation: enabled
              stopped_count=0, restarted_count=0
 full_count=0

Compilation events (20 events):
Event: 768.098 Thread 0x000001e8443282a0 nmethod 10490 0x000001e82c6c2010 code [0x000001e82c6c21a0, 0x000001e82c6c22a8]
Event: 768.098 Thread 0x000001e8443282a0 10472       4       org.hibernate.query.sqm.sql.FromClauseIndex::register (112 bytes)
Event: 768.099 Thread 0x000001e8443282a0 nmethod 10472 0x000001e82c6c2410 code [0x000001e82c6c25a0, 0x000001e82c6c2728]
Event: 768.099 Thread 0x000001e8443282a0 10473       4       org.hibernate.query.sqm.sql.BaseSqmToSqlAstConverter::consumeJoins (194 bytes)
Event: 768.100 Thread 0x000001e83f70f360 nmethod 10489 0x000001e82c6c2910 code [0x000001e82c6c2b20, 0x000001e82c6c3458]
Event: 768.100 Thread 0x000001e83f70f360 10474       4       org.hibernate.query.sqm.sql.BaseSqmToSqlAstConverter::consumeExplicitJoins (98 bytes)
Event: 768.107 Thread 0x000001e83f70f360 nmethod 10474 0x000001e82c6c3b10 code [0x000001e82c6c3d00, 0x000001e82c6c4148]
Event: 768.107 Thread 0x000001e8443282a0 nmethod 10473 0x000001e82c6c4810 code [0x000001e82c6c4a00, 0x000001e82c6c4e08]
Event: 768.205 Thread 0x000001e8443298e0 nmethod 10464 0x000001e82c6c5510 code [0x000001e82c6c5c40, 0x000001e82c6ceaa8]
Event: 768.510 Thread 0x000001e8443298e0 10493       4       org.hibernate.query.sqm.sql.BaseSqmToSqlAstConverter::popProcessingStateStack (33 bytes)
Event: 768.522 Thread 0x000001e8443298e0 nmethod 10493 0x000001e82c6d5010 code [0x000001e82c6d5200, 0x000001e82c6d5c38]
Event: 768.558 Thread 0x000001e83f731e90 10494   !   3       org.apache.tomcat.util.net.NioEndpoint$Poller::run (260 bytes)
Event: 768.559 Thread 0x000001e83f731e90 nmethod 10494 0x000001e824d60590 code [0x000001e824d609c0, 0x000001e824d62818]
Event: 770.410 Thread 0x000001e83f70f360 10495       4       org.hibernate.query.sqm.sql.BaseSqmToSqlAstConverter::applyCollectionFilterPredicates (243 bytes)
Event: 770.411 Thread 0x000001e83f70f360 nmethod 10495 0x000001e82c6d6110 code [0x000001e82c6d62a0, 0x000001e82c6d6378]
Event: 770.411 Thread 0x000001e83f70f360 10496       4       org.hibernate.query.sqm.internal.SqmUtil::createJdbcParameterBindings (874 bytes)
Event: 770.412 Thread 0x000001e8443298e0 10497       4       org.hibernate.query.sqm.internal.ConcreteSqmSelectQueryPlan$$Lambda$1275/0x000000080177ea78::interpret (28 bytes)
Event: 770.412 Thread 0x000001e844327d10 10498   !   4       org.hibernate.query.sqm.internal.ConcreteSqmSelectQueryPlan::lambda$new$0 (120 bytes)
Event: 770.414 Thread 0x000001e83f70f360 nmethod 10496 0x000001e82c6d6510 code [0x000001e82c6d66a0, 0x000001e82c6d67d8]
Event: 770.414 Thread 0x000001e83f70f360 10499       4       org.hibernate.engine.spi.SubselectFetch::createRegistrationHandler (45 bytes)

GC Heap History (20 events):
Event: 741.055 GC heap before
{Heap before GC invocations=25 (full 0):
 garbage-first heap   total 102400K, used 84503K [0x0000000701000000, 0x0000000800000000)
  region size 2048K, 30 young (61440K), 1 survivors (2048K)
 Metaspace       used 61655K, committed 62272K, reserved 1114112K
  class space    used 7653K, committed 7936K, reserved 1048576K
}
Event: 741.057 GC heap after
{Heap after GC invocations=26 (full 0):
 garbage-first heap   total 102400K, used 25133K [0x0000000701000000, 0x0000000800000000)
  region size 2048K, 1 young (2048K), 1 survivors (2048K)
 Metaspace       used 61655K, committed 62272K, reserved 1114112K
  class space    used 7653K, committed 7936K, reserved 1048576K
}
Event: 743.897 GC heap before
{Heap before GC invocations=26 (full 0):
 garbage-first heap   total 102400K, used 84525K [0x0000000701000000, 0x0000000800000000)
  region size 2048K, 30 young (61440K), 1 survivors (2048K)
 Metaspace       used 61657K, committed 62272K, reserved 1114112K
  class space    used 7653K, committed 7936K, reserved 1048576K
}
Event: 743.899 GC heap after
{Heap after GC invocations=27 (full 0):
 garbage-first heap   total 102400K, used 25132K [0x0000000701000000, 0x0000000800000000)
  region size 2048K, 1 young (2048K), 1 survivors (2048K)
 Metaspace       used 61657K, committed 62272K, reserved 1114112K
  class space    used 7653K, committed 7936K, reserved 1048576K
}
Event: 746.812 GC heap before
{Heap before GC invocations=27 (full 0):
 garbage-first heap   total 102400K, used 84524K [0x0000000701000000, 0x0000000800000000)
  region size 2048K, 30 young (61440K), 1 survivors (2048K)
 Metaspace       used 61665K, committed 62272K, reserved 1114112K
  class space    used 7653K, committed 7936K, reserved 1048576K
}
Event: 746.814 GC heap after
{Heap after GC invocations=28 (full 0):
 garbage-first heap   total 102400K, used 25131K [0x0000000701000000, 0x0000000800000000)
  region size 2048K, 1 young (2048K), 1 survivors (2048K)
 Metaspace       used 61665K, committed 62272K, reserved 1114112K
  class space    used 7653K, committed 7936K, reserved 1048576K
}
Event: 749.434 GC heap before
{Heap before GC invocations=28 (full 0):
 garbage-first heap   total 102400K, used 84523K [0x0000000701000000, 0x0000000800000000)
  region size 2048K, 30 young (61440K), 1 survivors (2048K)
 Metaspace       used 61673K, committed 62272K, reserved 1114112K
  class space    used 7653K, committed 7936K, reserved 1048576K
}
Event: 749.435 GC heap after
{Heap after GC invocations=29 (full 0):
 garbage-first heap   total 102400K, used 25128K [0x0000000701000000, 0x0000000800000000)
  region size 2048K, 1 young (2048K), 1 survivors (2048K)
 Metaspace       used 61673K, committed 62272K, reserved 1114112K
  class space    used 7653K, committed 7936K, reserved 1048576K
}
Event: 752.109 GC heap before
{Heap before GC invocations=29 (full 0):
 garbage-first heap   total 102400K, used 84520K [0x0000000701000000, 0x0000000800000000)
  region size 2048K, 30 young (61440K), 1 survivors (2048K)
 Metaspace       used 61673K, committed 62272K, reserved 1114112K
  class space    used 7653K, committed 7936K, reserved 1048576K
}
Event: 752.111 GC heap after
{Heap after GC invocations=30 (full 0):
 garbage-first heap   total 102400K, used 25148K [0x0000000701000000, 0x0000000800000000)
  region size 2048K, 1 young (2048K), 1 survivors (2048K)
 Metaspace       used 61673K, committed 62272K, reserved 1114112K
  class space    used 7653K, committed 7936K, reserved 1048576K
}
Event: 754.788 GC heap before
{Heap before GC invocations=30 (full 0):
 garbage-first heap   total 102400K, used 84540K [0x0000000701000000, 0x0000000800000000)
  region size 2048K, 30 young (61440K), 1 survivors (2048K)
 Metaspace       used 61675K, committed 62272K, reserved 1114112K
  class space    used 7653K, committed 7936K, reserved 1048576K
}
Event: 754.789 GC heap after
{Heap after GC invocations=31 (full 0):
 garbage-first heap   total 102400K, used 25135K [0x0000000701000000, 0x0000000800000000)
  region size 2048K, 1 young (2048K), 1 survivors (2048K)
 Metaspace       used 61675K, committed 62272K, reserved 1114112K
  class space    used 7653K, committed 7936K, reserved 1048576K
}
Event: 758.440 GC heap before
{Heap before GC invocations=31 (full 0):
 garbage-first heap   total 102400K, used 84527K [0x0000000701000000, 0x0000000800000000)
  region size 2048K, 30 young (61440K), 1 survivors (2048K)
 Metaspace       used 61675K, committed 62272K, reserved 1114112K
  class space    used 7653K, committed 7936K, reserved 1048576K
}
Event: 758.441 GC heap after
{Heap after GC invocations=32 (full 0):
 garbage-first heap   total 102400K, used 25149K [0x0000000701000000, 0x0000000800000000)
  region size 2048K, 1 young (2048K), 1 survivors (2048K)
 Metaspace       used 61675K, committed 62272K, reserved 1114112K
  class space    used 7653K, committed 7936K, reserved 1048576K
}
Event: 761.887 GC heap before
{Heap before GC invocations=32 (full 0):
 garbage-first heap   total 102400K, used 84541K [0x0000000701000000, 0x0000000800000000)
  region size 2048K, 30 young (61440K), 1 survivors (2048K)
 Metaspace       used 61675K, committed 62272K, reserved 1114112K
  class space    used 7653K, committed 7936K, reserved 1048576K
}
Event: 761.888 GC heap after
{Heap after GC invocations=33 (full 0):
 garbage-first heap   total 102400K, used 25144K [0x0000000701000000, 0x0000000800000000)
  region size 2048K, 1 young (2048K), 1 survivors (2048K)
 Metaspace       used 61675K, committed 62272K, reserved 1114112K
  class space    used 7653K, committed 7936K, reserved 1048576K
}
Event: 765.488 GC heap before
{Heap before GC invocations=33 (full 0):
 garbage-first heap   total 102400K, used 84536K [0x0000000701000000, 0x0000000800000000)
  region size 2048K, 30 young (61440K), 1 survivors (2048K)
 Metaspace       used 61683K, committed 62272K, reserved 1114112K
  class space    used 7655K, committed 7936K, reserved 1048576K
}
Event: 765.489 GC heap after
{Heap after GC invocations=34 (full 0):
 garbage-first heap   total 102400K, used 25164K [0x0000000701000000, 0x0000000800000000)
  region size 2048K, 1 young (2048K), 1 survivors (2048K)
 Metaspace       used 61683K, committed 62272K, reserved 1114112K
  class space    used 7655K, committed 7936K, reserved 1048576K
}
Event: 768.628 GC heap before
{Heap before GC invocations=34 (full 0):
 garbage-first heap   total 102400K, used 84556K [0x0000000701000000, 0x0000000800000000)
  region size 2048K, 30 young (61440K), 1 survivors (2048K)
 Metaspace       used 61687K, committed 62272K, reserved 1114112K
  class space    used 7655K, committed 7936K, reserved 1048576K
}
Event: 768.628 GC heap after
{Heap after GC invocations=35 (full 0):
 garbage-first heap   total 102400K, used 25150K [0x0000000701000000, 0x0000000800000000)
  region size 2048K, 1 young (2048K), 1 survivors (2048K)
 Metaspace       used 61687K, committed 62272K, reserved 1114112K
  class space    used 7655K, committed 7936K, reserved 1048576K
}

Dll operation events (14 events):
Event: 0.009 Loaded shared library C:\Program Files\Java\jdk-19\bin\java.dll
Event: 0.020 Loaded shared library C:\Program Files\Java\jdk-19\bin\jsvml.dll
Event: 0.125 Loaded shared library C:\Program Files\Java\jdk-19\bin\zip.dll
Event: 0.127 Loaded shared library C:\Program Files\Java\jdk-19\bin\instrument.dll
Event: 0.136 Loaded shared library C:\Program Files\Java\jdk-19\bin\net.dll
Event: 0.138 Loaded shared library C:\Program Files\Java\jdk-19\bin\nio.dll
Event: 0.141 Loaded shared library C:\Program Files\Java\jdk-19\bin\zip.dll
Event: 0.226 Loaded shared library C:\Program Files\JetBrains\IntelliJ IDEA Community Edition 2022.3.2\bin\breakgen64.dll
Event: 0.236 Loaded shared library C:\Program Files\Java\jdk-19\bin\extnet.dll
Event: 0.266 Loaded shared library C:\Program Files\Java\jdk-19\bin\jimage.dll
Event: 0.533 Loaded shared library C:\Program Files\Java\jdk-19\bin\management.dll
Event: 0.535 Loaded shared library C:\Program Files\Java\jdk-19\bin\management_ext.dll
Event: 1.061 Loaded shared library C:\Program Files\Java\jdk-19\bin\verify.dll
Event: 2.755 Loaded shared library C:\Program Files\Java\jdk-19\bin\sunmscapi.dll

Deoptimization events (20 events):
Event: 756.386 Thread 0x000001e844c27ae0 Uncommon trap: trap_request=0xffffffbe fr.pc=0x000001e82c5a5c4c relative=0x0000000000005fec
Event: 756.386 Thread 0x000001e844c27ae0 Uncommon trap: reason=profile_predicate action=maybe_recompile pc=0x000001e82c5a5c4c method=java.util.concurrent.ConcurrentHashMap$Traverser.advance()Ljava/util/concurrent/ConcurrentHashMap$Node; @ 15 c2
Event: 756.386 Thread 0x000001e844c27ae0 DEOPT PACKING pc=0x000001e82c5a5c4c sp=0x000000d9a5bfe5d0
Event: 756.386 Thread 0x000001e844c27ae0 DEOPT UNPACKING pc=0x000001e82b7b6da3 sp=0x000000d9a5bfe138 mode 2
Event: 756.478 Thread 0x000001e84602fd40 Uncommon trap: trap_request=0xffffffbe fr.pc=0x000001e82c5b4f14 relative=0x00000000000053f4
Event: 756.478 Thread 0x000001e84602fd40 Uncommon trap: reason=profile_predicate action=maybe_recompile pc=0x000001e82c5b4f14 method=java.util.concurrent.ConcurrentHashMap$Traverser.advance()Ljava/util/concurrent/ConcurrentHashMap$Node; @ 15 c2
Event: 756.478 Thread 0x000001e84602fd40 DEOPT PACKING pc=0x000001e82c5b4f14 sp=0x000000d9a5efe230
Event: 756.478 Thread 0x000001e84602fd40 DEOPT UNPACKING pc=0x000001e82b7b6da3 sp=0x000000d9a5efde90 mode 2
Event: 756.486 Thread 0x000001e844c27040 Uncommon trap: trap_request=0xffffffbe fr.pc=0x000001e82c5be2bc relative=0x0000000000005c1c
Event: 756.486 Thread 0x000001e844c27040 Uncommon trap: reason=profile_predicate action=maybe_recompile pc=0x000001e82c5be2bc method=java.util.concurrent.ConcurrentHashMap$Traverser.advance()Ljava/util/concurrent/ConcurrentHashMap$Node; @ 15 c2
Event: 756.486 Thread 0x000001e844c27040 DEOPT PACKING pc=0x000001e82c5be2bc sp=0x000000d9a57fe5b0
Event: 756.486 Thread 0x000001e844c27040 DEOPT UNPACKING pc=0x000001e82b7b6da3 sp=0x000000d9a57fe1b0 mode 2
Event: 758.985 Thread 0x000001e844c27ae0 Uncommon trap: trap_request=0xffffff6e fr.pc=0x000001e82c5e4884 relative=0x00000000000005a4
Event: 758.985 Thread 0x000001e844c27ae0 Uncommon trap: reason=loop_limit_check action=maybe_recompile pc=0x000001e82c5e4884 method=org.hibernate.query.sqm.tree.select.SqmQuerySpec.containsCollectionFetches()Z @ 21 c2
Event: 758.985 Thread 0x000001e844c27ae0 DEOPT PACKING pc=0x000001e82c5e4884 sp=0x000000d9a5bfd400
Event: 758.985 Thread 0x000001e844c27ae0 DEOPT UNPACKING pc=0x000001e82b7b6da3 sp=0x000000d9a5bfd3a0 mode 2
Event: 758.990 Thread 0x000001e84602f7f0 Uncommon trap: trap_request=0xffffff6e fr.pc=0x000001e82c5e7364 relative=0x0000000000000264
Event: 758.990 Thread 0x000001e84602f7f0 Uncommon trap: reason=loop_limit_check action=maybe_recompile pc=0x000001e82c5e7364 method=org.hibernate.query.sqm.tree.select.SqmQuerySpec.producesUniqueResults()Z @ 112 c2
Event: 758.990 Thread 0x000001e84602f7f0 DEOPT PACKING pc=0x000001e82c5e7364 sp=0x000000d9a5cfcdd0
Event: 758.990 Thread 0x000001e84602f7f0 DEOPT UNPACKING pc=0x000001e82b7b6da3 sp=0x000000d9a5cfcd68 mode 2

Classes loaded (20 events):
Event: 10.349 Loading class java/util/OptionalDouble
Event: 10.349 Loading class java/util/OptionalDouble done
Event: 10.370 Loading class java/util/stream/LongStream
Event: 10.370 Loading class java/util/stream/LongStream done
Event: 10.370 Loading class java/util/stream/DoubleStream
Event: 10.370 Loading class java/util/stream/DoubleStream done
Event: 10.382 Loading class org/w3c/dom/Node
Event: 10.382 Loading class org/w3c/dom/Node done
Event: 10.382 Loading class org/w3c/dom/Document
Event: 10.383 Loading class org/w3c/dom/Document done
Event: 12.955 Loading class java/util/Collections$ReverseComparator
Event: 12.955 Loading class java/util/Collections$ReverseComparator done
Event: 12.955 Loading class java/util/Collections$ReverseComparator2
Event: 12.955 Loading class java/util/Collections$ReverseComparator2 done
Event: 59.060 Loading class java/lang/foreign/MemorySegment
Event: 59.061 Loading class java/lang/foreign/Addressable
Event: 59.061 Loading class java/lang/foreign/Addressable done
Event: 59.061 Loading class java/lang/foreign/MemorySegment done
Event: 718.446 Loading class sun/util/locale/LocaleExtensions
Event: 718.446 Loading class sun/util/locale/LocaleExtensions done

Classes unloaded (0 events):
No events

Classes redefined (0 events):
No events

Internal exceptions (20 events):
Event: 5.065 Thread 0x000001e84412d340 Exception <a 'java/lang/NoSuchMethodError'{0x0000000707eb8a30}: 'void java.lang.invoke.DirectMethodHandle$Holder.invokeVirtual(java.lang.Object, java.lang.Object, long)'> (0x0000000707eb8a30) 
thrown [s\open\src\hotspot\share\interpreter\linkResolver.cpp, line 774]
Event: 5.186 Thread 0x000001e84412d340 Exception <a 'java/lang/IncompatibleClassChangeError'{0x0000000707bce050}: Found class java.lang.Object, but interface was expected> (0x0000000707bce050) 
thrown [s\open\src\hotspot\share\interpreter\linkResolver.cpp, line 841]
Event: 5.226 Thread 0x000001e84412d340 Exception <a 'java/lang/NoSuchMethodError'{0x0000000707966ef8}: 'int java.lang.invoke.DirectMethodHandle$Holder.invokeStaticInit(java.lang.Object, java.lang.Object, java.lang.Object, java.lang.Object)'> (0x0000000707966ef8) 
thrown [s\open\src\hotspot\share\interpreter\linkResolver.cpp, line 774]
Event: 5.232 Thread 0x000001e84412d340 Implicit null exception at 0x000001e82bed4e5b to 0x000001e82bed52a2
Event: 5.264 Thread 0x000001e84412d340 Implicit null exception at 0x000001e82be05cda to 0x000001e82be05f18
Event: 5.345 Thread 0x000001e84412d340 Exception <a 'java/lang/NoSuchMethodError'{0x0000000707267f00}: 'java.lang.Object java.lang.invoke.DirectMethodHandle$Holder.newInvokeSpecial(java.lang.Object, java.lang.Object, int, java.lang.Object, java.lang.Object)'> (0x0000000707267f00) 
thrown [s\open\src\hotspot\share\interpreter\linkResolver.cpp, line 774]
Event: 5.345 Thread 0x000001e84412d340 Exception <a 'java/lang/NoSuchMethodError'{0x0000000707273590}: 'java.lang.Object java.lang.invoke.DirectMethodHandle$Holder.invokeSpecial(java.lang.Object, java.lang.Object, int, java.lang.Object, int, java.lang.Object)'> (0x0000000707273590) 
thrown [s\open\src\hotspot\share\interpreter\linkResolver.cpp, line 774]
Event: 5.345 Thread 0x000001e84412d340 Exception <a 'java/lang/NoSuchMethodError'{0x000000070727b628}: 'java.lang.Object java.lang.invoke.DirectMethodHandle$Holder.newInvokeSpecial(java.lang.Object, java.lang.Object, int, java.lang.Object, int)'> (0x000000070727b628) 
thrown [s\open\src\hotspot\share\interpreter\linkResolver.cpp, line 774]
Event: 5.346 Thread 0x000001e84412d340 Exception <a 'java/lang/NoSuchMethodError'{0x000000070727f740}: 'java.lang.Object java.lang.invoke.DirectMethodHandle$Holder.invokeSpecial(java.lang.Object, java.lang.Object, java.lang.Object, int, java.lang.Object, int)'> (0x000000070727f740) 
thrown [s\open\src\hotspot\share\interpreter\linkResolver.cpp, line 774]
Event: 5.395 Thread 0x000001e81c2bbb50 Exception <a 'java/lang/NoSuchMethodError'{0x0000000706c69d50}: 'int java.lang.invoke.DirectMethodHandle$Holder.invokeSpecialIFC(java.lang.Object, java.lang.Object, java.lang.Object)'> (0x0000000706c69d50) 
thrown [s\open\src\hotspot\share\interpreter\linkResolver.cpp, line 774]
Event: 10.087 Thread 0x000001e844c27040 Exception <a 'java/lang/NoSuchMethodError'{0x0000000706a895f0}: 'java.lang.Object java.lang.invoke.DirectMethodHandle$Holder.invokeSpecial(java.lang.Object, java.lang.Object, java.lang.Object, java.lang.Object, java.lang.Object, long)'> (0x0000000706a895f0) 
thrown [s\open\src\hotspot\share\interpreter\linkResolver.cpp, line 774]
Event: 10.087 Thread 0x000001e844c27040 Exception <a 'java/lang/NoSuchMethodError'{0x0000000706a8d040}: 'java.lang.Object java.lang.invoke.Invokers$Holder.linkToTargetMethod(java.lang.Object, java.lang.Object, java.lang.Object, long, java.lang.Object)'> (0x0000000706a8d040) 
thrown [s\open\src\hotspot\share\interpreter\linkResolver.cpp, line 774]
Event: 10.253 Thread 0x000001e844c27040 Exception <a 'java/lang/NoSuchMethodError'{0x000000070644b698}: 'java.lang.Object java.lang.invoke.DirectMethodHandle$Holder.invokeInterface(java.lang.Object, java.lang.Object, java.lang.Object, java.lang.Object)'> (0x000000070644b698) 
thrown [s\open\src\hotspot\share\interpreter\linkResolver.cpp, line 774]
Event: 10.308 Thread 0x000001e844c27040 Exception <a 'java/lang/IncompatibleClassChangeError'{0x00000007062bccf8}: Found class java.lang.Object, but interface was expected> (0x00000007062bccf8) 
thrown [s\open\src\hotspot\share\interpreter\linkResolver.cpp, line 841]
Event: 756.374 Thread 0x000001e84602d810 Implicit null exception at 0x000001e82c5a1142 to 0x000001e82c5a5bbc
Event: 756.378 Thread 0x000001e844c27590 Implicit null exception at 0x000001e82c5a1142 to 0x000001e82c5a5bbc
Event: 756.382 Thread 0x000001e844c26050 Implicit null exception at 0x000001e82c5a1142 to 0x000001e82c5a5bbc
Event: 756.386 Thread 0x000001e844c27ae0 Implicit null exception at 0x000001e82c5a1142 to 0x000001e82c5a5bbc
Event: 756.478 Thread 0x000001e84602fd40 Implicit null exception at 0x000001e82c5b1073 to 0x000001e82c5b4e9c
Event: 756.486 Thread 0x000001e844c27040 Implicit null exception at 0x000001e82c5b9d9d to 0x000001e82c5be22c

VM Operations (20 events):
Event: 754.123 Executing VM operation: Cleanup
Event: 754.123 Executing VM operation: Cleanup done
Event: 754.788 Executing VM operation: G1CollectForAllocation
Event: 754.789 Executing VM operation: G1CollectForAllocation done
Event: 758.440 Executing VM operation: G1CollectForAllocation
Event: 758.441 Executing VM operation: G1CollectForAllocation done
Event: 759.449 Executing VM operation: Cleanup
Event: 759.449 Executing VM operation: Cleanup done
Event: 761.887 Executing VM operation: G1CollectForAllocation
Event: 761.888 Executing VM operation: G1CollectForAllocation done
Event: 762.890 Executing VM operation: Cleanup
Event: 762.890 Executing VM operation: Cleanup done
Event: 765.379 Executing VM operation: HandshakeAllThreads
Event: 765.379 Executing VM operation: HandshakeAllThreads done
Event: 765.379 Executing VM operation: Cleanup
Event: 765.379 Executing VM operation: Cleanup done
Event: 765.488 Executing VM operation: G1CollectForAllocation
Event: 765.489 Executing VM operation: G1CollectForAllocation done
Event: 768.628 Executing VM operation: G1CollectForAllocation
Event: 768.628 Executing VM operation: G1CollectForAllocation done

Events (20 events):
Event: 754.380 Thread 0x000001e8443298e0 Thread exited: 0x000001e8443298e0
Event: 755.741 Thread 0x000001e844326c60 Thread added: 0x000001e844326c60
Event: 755.742 Thread 0x000001e8443271f0 Thread added: 0x000001e8443271f0
Event: 758.931 Thread 0x000001e8443271f0 Thread exited: 0x000001e8443271f0
Event: 758.967 Thread 0x000001e844327d10 Thread added: 0x000001e844327d10
Event: 760.517 Thread 0x000001e844327d10 Thread exited: 0x000001e844327d10
Event: 760.517 Thread 0x000001e844326c60 Thread exited: 0x000001e844326c60
Event: 761.916 Thread 0x000001e8443298e0 Thread added: 0x000001e8443298e0
Event: 761.917 Thread 0x000001e844328830 Thread added: 0x000001e844328830
Event: 763.421 Thread 0x000001e844328830 Thread exited: 0x000001e844328830
Event: 764.078 Thread 0x000001e8443298e0 Thread exited: 0x000001e8443298e0
Event: 764.927 Thread 0x000001e8443298e0 Thread added: 0x000001e8443298e0
Event: 764.927 Thread 0x000001e8443282a0 Thread added: 0x000001e8443282a0
Event: 765.384 Thread 0x000001e83f73a9b0 flushing nmethod 0x000001e8243c4410
Event: 767.570 Thread 0x000001e8443282a0 Thread exited: 0x000001e8443282a0
Event: 767.781 Thread 0x000001e8443282a0 Thread added: 0x000001e8443282a0
Event: 768.510 Thread 0x000001e8443282a0 Thread exited: 0x000001e8443282a0
Event: 770.410 Thread 0x000001e8443298e0 Thread exited: 0x000001e8443298e0
Event: 770.411 Thread 0x000001e8443298e0 Thread added: 0x000001e8443298e0
Event: 770.411 Thread 0x000001e844327d10 Thread added: 0x000001e844327d10


Dynamic libraries:
0x00007ff6908f0000 - 0x00007ff690900000 	C:\Program Files\Java\jdk-19\bin\java.exe
0x00007ff8a5550000 - 0x00007ff8a5748000 	C:\Windows\SYSTEM32\ntdll.dll
0x00007ff8a5040000 - 0x00007ff8a50ff000 	C:\Windows\System32\KERNEL32.DLL
0x00007ff8a2c60000 - 0x00007ff8a2f3a000 	C:\Windows\System32\KERNELBASE.dll
0x00007ff8a34b0000 - 0x00007ff8a35b0000 	C:\Windows\System32\ucrtbase.dll
0x00007ff876510000 - 0x00007ff876528000 	C:\Program Files\Java\jdk-19\bin\jli.dll
0x00007ff8764f0000 - 0x00007ff87650b000 	C:\Program Files\Java\jdk-19\bin\VCRUNTIME140.dll
0x00007ff8a3aa0000 - 0x00007ff8a3b4e000 	C:\Windows\System32\ADVAPI32.dll
0x00007ff8a5470000 - 0x00007ff8a550e000 	C:\Windows\System32\msvcrt.dll
0x00007ff8a3a00000 - 0x00007ff8a3a9c000 	C:\Windows\System32\sechost.dll
0x00007ff8a4f10000 - 0x00007ff8a5036000 	C:\Windows\System32\RPCRT4.dll
0x00007ff8a51d0000 - 0x00007ff8a536d000 	C:\Windows\System32\USER32.dll
0x00007ff8a33f0000 - 0x00007ff8a3412000 	C:\Windows\System32\win32u.dll
0x00007ff8929c0000 - 0x00007ff892c5a000 	C:\Windows\WinSxS\amd64_microsoft.windows.common-controls_6595b64144ccf1df_6.0.19041.1110_none_60b5254171f9507e\COMCTL32.dll
0x00007ff8a3880000 - 0x00007ff8a38ab000 	C:\Windows\System32\GDI32.dll
0x00007ff8a3140000 - 0x00007ff8a3250000 	C:\Windows\System32\gdi32full.dll
0x00007ff8a3250000 - 0x00007ff8a32ed000 	C:\Windows\System32\msvcp_win.dll
0x00007ff89bea0000 - 0x00007ff89beaa000 	C:\Windows\SYSTEM32\VERSION.dll
0x00007ff8a53d0000 - 0x00007ff8a5400000 	C:\Windows\System32\IMM32.DLL
0x00007ff8816c0000 - 0x00007ff8816cc000 	C:\Program Files\Java\jdk-19\bin\vcruntime140_1.dll
0x00007ff84f4d0000 - 0x00007ff84f55e000 	C:\Program Files\Java\jdk-19\bin\msvcp140.dll
0x00007ff836420000 - 0x00007ff8370e0000 	C:\Program Files\Java\jdk-19\bin\server\jvm.dll
0x00007ff89e290000 - 0x00007ff89e299000 	C:\Windows\SYSTEM32\WSOCK32.dll
0x00007ff88fca0000 - 0x00007ff88fcc7000 	C:\Windows\SYSTEM32\WINMM.dll
0x00007ff8a4720000 - 0x00007ff8a478b000 	C:\Windows\System32\WS2_32.dll
0x00007ff8a0b40000 - 0x00007ff8a0b52000 	C:\Windows\SYSTEM32\kernel.appcore.dll
0x00007ff880df0000 - 0x00007ff880dfa000 	C:\Program Files\Java\jdk-19\bin\jimage.dll
0x00007ff89b280000 - 0x00007ff89b464000 	C:\Windows\SYSTEM32\DBGHELP.DLL
0x00007ff89b160000 - 0x00007ff89b194000 	C:\Windows\SYSTEM32\dbgcore.DLL
0x00007ff8a3420000 - 0x00007ff8a34a2000 	C:\Windows\System32\bcryptPrimitives.dll
0x00007ff89da70000 - 0x00007ff89da7e000 	C:\Program Files\Java\jdk-19\bin\instrument.dll
0x00007ff869400000 - 0x00007ff869426000 	C:\Program Files\Java\jdk-19\bin\java.dll
0x00007ff84e220000 - 0x00007ff84e2f7000 	C:\Program Files\Java\jdk-19\bin\jsvml.dll
0x00007ff8a3b60000 - 0x00007ff8a42a4000 	C:\Windows\System32\SHELL32.dll
0x00007ff8a0d40000 - 0x00007ff8a14d3000 	C:\Windows\SYSTEM32\windows.storage.dll
0x00007ff8a4a00000 - 0x00007ff8a4d54000 	C:\Windows\System32\combase.dll
0x00007ff8a26c0000 - 0x00007ff8a26ee000 	C:\Windows\SYSTEM32\Wldp.dll
0x00007ff8a3950000 - 0x00007ff8a39fd000 	C:\Windows\System32\SHCORE.dll
0x00007ff8a5410000 - 0x00007ff8a5465000 	C:\Windows\System32\shlwapi.dll
0x00007ff8a2ba0000 - 0x00007ff8a2bbf000 	C:\Windows\SYSTEM32\profapi.dll
0x00007ff868590000 - 0x00007ff8685a8000 	C:\Program Files\Java\jdk-19\bin\zip.dll
0x00007ff871b90000 - 0x00007ff871ba3000 	C:\Program Files\Java\jdk-19\bin\net.dll
0x00007ff89b600000 - 0x00007ff89b70a000 	C:\Windows\SYSTEM32\WINHTTP.dll
0x00007ff8a2420000 - 0x00007ff8a248a000 	C:\Windows\system32\mswsock.dll
0x00007ff869690000 - 0x00007ff8696a6000 	C:\Program Files\Java\jdk-19\bin\nio.dll
0x00007ff89bda0000 - 0x00007ff89bdba000 	C:\Program Files\JetBrains\IntelliJ IDEA Community Edition 2022.3.2\bin\breakgen64.dll
0x00007ff880200000 - 0x00007ff880208000 	C:\Program Files\Java\jdk-19\bin\extnet.dll
0x00007ff89da60000 - 0x00007ff89da6a000 	C:\Program Files\Java\jdk-19\bin\management.dll
0x00007ff89da50000 - 0x00007ff89da5b000 	C:\Program Files\Java\jdk-19\bin\management_ext.dll
0x00007ff8a3660000 - 0x00007ff8a3668000 	C:\Windows\System32\PSAPI.DLL
0x00007ff87d680000 - 0x00007ff87d690000 	C:\Program Files\Java\jdk-19\bin\verify.dll
0x00007ff8a2610000 - 0x00007ff8a2628000 	C:\Windows\SYSTEM32\CRYPTSP.dll
0x00007ff8a1cd0000 - 0x00007ff8a1d04000 	C:\Windows\system32\rsaenh.dll
0x00007ff8a2fb0000 - 0x00007ff8a2fd7000 	C:\Windows\System32\bcrypt.dll
0x00007ff8a2b20000 - 0x00007ff8a2b4e000 	C:\Windows\SYSTEM32\USERENV.dll
0x00007ff8a2630000 - 0x00007ff8a263c000 	C:\Windows\SYSTEM32\CRYPTBASE.dll
0x00007ff8a20c0000 - 0x00007ff8a20fc000 	C:\Windows\SYSTEM32\IPHLPAPI.DLL
0x00007ff8a5400000 - 0x00007ff8a5408000 	C:\Windows\System32\NSI.dll
0x00007ff89ca00000 - 0x00007ff89ca17000 	C:\Windows\SYSTEM32\dhcpcsvc6.DLL
0x00007ff89c9e0000 - 0x00007ff89c9fd000 	C:\Windows\SYSTEM32\dhcpcsvc.DLL
0x00007ff8a2110000 - 0x00007ff8a21db000 	C:\Windows\SYSTEM32\DNSAPI.dll
0x00007ff89da40000 - 0x00007ff89da4e000 	C:\Program Files\Java\jdk-19\bin\sunmscapi.dll
0x00007ff8a2fe0000 - 0x00007ff8a3136000 	C:\Windows\System32\CRYPT32.dll
0x00007ff8a2730000 - 0x00007ff8a2758000 	C:\Windows\SYSTEM32\ncrypt.dll
0x00007ff8a26f0000 - 0x00007ff8a272b000 	C:\Windows\SYSTEM32\NTASN1.dll
0x00007ff881c20000 - 0x00007ff881c27000 	C:\Windows\system32\wshunix.dll

dbghelp: loaded successfully - version: 4.0.5 - missing functions: none
symbol engine: initialized successfully - sym options: 0x614 - pdb path: .;C:\Program Files\Java\jdk-19\bin;C:\Windows\SYSTEM32;C:\Windows\WinSxS\amd64_microsoft.windows.common-controls_6595b64144ccf1df_6.0.19041.1110_none_60b5254171f9507e;C:\Program Files\Java\jdk-19\bin\server;C:\Program Files\JetBrains\IntelliJ IDEA Community Edition 2022.3.2\bin

VM Arguments:
jvm_args: -javaagent:C:\Program Files\JetBrains\IntelliJ IDEA Community Edition 2022.3.2\lib\idea_rt.jar=55854:C:\Program Files\JetBrains\IntelliJ IDEA Community Edition 2022.3.2\bin -Dfile.encoding=UTF-8 -Dsun.stdout.encoding=UTF-8 -Dsun.stderr.encoding=UTF-8 
java_command: com.PorfolioWeb.PorfolioBackend.PorfolioBackendApplication
java_class_path (initial): D:\Cosas\Code\Proyectos\PI\PorfolioBackend\target\classes;C:\Users\Kiwi\.m2\repository\org\springframework\boot\spring-boot-starter-web\3.0.5\spring-boot-starter-web-3.0.5.jar;C:\Users\Kiwi\.m2\repository\org\springframework\boot\spring-boot-starter\3.0.5\spring-boot-starter-3.0.5.jar;C:\Users\Kiwi\.m2\repository\org\springframework\boot\spring-boot-starter-logging\3.0.5\spring-boot-starter-logging-3.0.5.jar;C:\Users\Kiwi\.m2\repository\ch\qos\logback\logback-classic\1.4.6\logback-classic-1.4.6.jar;C:\Users\Kiwi\.m2\repository\ch\qos\logback\logback-core\1.4.6\logback-core-1.4.6.jar;C:\Users\Kiwi\.m2\repository\org\apache\logging\log4j\log4j-to-slf4j\2.19.0\log4j-to-slf4j-2.19.0.jar;C:\Users\Kiwi\.m2\repository\org\apache\logging\log4j\log4j-api\2.19.0\log4j-api-2.19.0.jar;C:\Users\Kiwi\.m2\repository\org\slf4j\jul-to-slf4j\2.0.7\jul-to-slf4j-2.0.7.jar;C:\Users\Kiwi\.m2\repository\org\yaml\snakeyaml\1.33\snakeyaml-1.33.jar;C:\Users\Kiwi\.m2\repository\org\springframework\boot\spring-boot-starter-json\3.0.5\spring-boot-starter-json-3.0.5.jar;C:\Users\Kiwi\.m2\repository\com\fasterxml\jackson\core\jackson-databind\2.14.2\jackson-databind-2.14.2.jar;C:\Users\Kiwi\.m2\repository\com\fasterxml\jackson\core\jackson-annotations\2.14.2\jackson-annotations-2.14.2.jar;C:\Users\Kiwi\.m2\repository\com\fasterxml\jackson\core\jackson-core\2.14.2\jackson-core-2.14.2.jar;C:\Users\Kiwi\.m2\repository\com\fasterxml\jackson\datatype\jackson-datatype-jdk8\2.14.2\jackson-datatype-jdk8-2.14.2.jar;C:\Users\Kiwi\.m2\repository\com\fasterxml\jackson\datatype\jackson-datatype-jsr310\2.14.2\jackson-datatype-jsr310-2.14.2.jar;C:\Users\Kiwi\.m2\repository\com\fasterxml\jackson\module\jackson-module-parameter-names\2.14.2\jackson-module-parameter-names-2.14.2.jar;C:\Users\Kiwi\.m2\repository\org\springframework\boot\spring-boot-starter-tomcat\3.0.5\spring-boot-starter-tomcat-3.0.5.jar;C:\Users\Kiwi\.m2\repository\org\apache\tomcat\embed\tomcat-embed-core\10.1.7\tomcat-embed-core-10.1.7.jar;C:\Users\Kiwi\.m2\repository\org\apache\tomcat\embed\tomcat-embed-el\10.1.7\tomcat-embed-el-10.1.7.jar;C:\Users\Kiwi\.m2\repository\org\apache\tomcat\embed\tomcat-embed-websocket\10.1.7\tomcat-embed-websocket-10.1.7.jar;C:\Users\Kiwi\.m2\repository\org\springframework\spring-web\6.0.7\spring-web-6.0.7.jar;C:\Users\Kiwi\.m2\repository\io\micrometer\micrometer-observation\1.10.5\micrometer-observation-1.10.5.jar;C:\Users\Kiwi\.m2\repository\io\micrometer\micrometer-commons\1.10.5\micrometer-commons-1.10.5.jar;C:\Users\Kiwi\.m2\repository\org\springframework\spring-webmvc\6.0.7\spring-webmvc-6.0.7.jar;C:\Users\Kiwi\.m2\repository\org\springframework\spring-expression\6.0.7\spring-expression-6.0.7.jar;C:\Users\Kiwi\.m2\repository\org\springframework\boot\spring-boot-devtools\3.0.5\spring-boot-devtools-3.0.5.jar;C:\Users\Kiwi\.m2\repository\org\springframework\boot\spring-boot\3.0.5\spring-boot-3.0.5.jar;C:\Users\Kiwi\.m2\repository\org\springframework\boot\spring-boot-autoconfigure\3.0.5\spring-boot-autoconfigure-3.0.5.jar;C:\Users\Kiwi\.m2\repository\org\projectlombok\lombok\1.18.26\lombok-1.18.26.jar;C:\Users\Kiwi\.m2\repository\jakarta\xml\bind\jakarta.xml.bind-api\4.0.0\jakarta.xml.bind-api-4.0.0.jar;C:\Users\Kiwi\.m2\repository\jakarta\activation\jakarta.activation-api\2.1.1\jakarta.activation-api-2.1.1.jar;C:\Users\Kiwi\.m2\repository\net\bytebuddy\byte-buddy\1.12.23\byte-buddy-1.12.23.jar;C:\Users\Kiwi\.m2\repository\org\springframework\spring-core\6.0.7\spring-core-6.0.7.jar;C:\Users\Kiwi\.m2\repository\org\springframework\spring-jcl\6.0.7\spring-jcl-6.0.7.jar;C:\Users\Kiwi\.m2\repository\org\springframework\data\spring-data-jpa\3.0.4\spring-data-jpa-3.0.4.jar;C:\Users\Kiwi\.m2\repository\org\springframework\data\spring-data-commons\3.0.4\spring-data-commons-3.0.4.jar;C:\Users\Kiwi\.m2\repository\org\springframework\spring-orm\6.0.7\spring-orm-6.0.7.jar;C:\Users\Kiwi\.m2\repository\org\springframework\spring-jdbc\6.0.7\spring-jdbc-6.0.7.jar;C:\Users\Kiwi\.m2\repository\org\springframework\spring-context\6.0.7\spring-context-6.0.7.jar;C:\Users\Kiwi\.m2\repository\org\springframework\spring-aop\6.0.7\spring-aop-6.0.7.jar;C:\Users\Kiwi\.m2\repository\org\springframework\spring-tx\6.0.7\spring-tx-6.0.7.jar;C:\Users\Kiwi\.m2\repository\org\springframework\spring-beans\6.0.7\spring-beans-6.0.7.jar;C:\Users\Kiwi\.m2\repository\jakarta\annotation\jakarta.annotation-api\2.1.1\jakarta.annotation-api-2.1.1.jar;C:\Users\Kiwi\.m2\repository\org\slf4j\slf4j-api\2.0.7\slf4j-api-2.0.7.jar;C:\Users\Kiwi\.m2\repository\com\mysql\mysql-connector-j\8.0.32\mysql-connector-j-8.0.32.jar;C:\Users\Kiwi\.m2\repository\org\springframework\boot\spring-boot-starter-data-jpa\3.0.4\spring-boot-starter-data-jpa-3.0.4.jar;C:\Users\Kiwi\.m2\repository\org\springframework\boot\spring-boot-starter-aop\3.0.5\spring-boot-starter-aop-3.0.5.jar;C:\Users\Kiwi\.m2\repository\org\aspectj\aspectjweaver\1.9.19\aspectjweaver-1.9.19.jar;C:\Users\Kiwi\.m2\repository\org\springframework\boot\spring-boot-starter-jdbc\3.0.5\spring-boot-starter-jdbc-3.0.5.jar;C:\Users\Kiwi\.m2\repository\com\zaxxer\HikariCP\5.0.1\HikariCP-5.0.1.jar;C:\Users\Kiwi\.m2\repository\org\hibernate\orm\hibernate-core\6.1.7.Final\hibernate-core-6.1.7.Final.jar;C:\Users\Kiwi\.m2\repository\jakarta\persistence\jakarta.persistence-api\3.1.0\jakarta.persistence-api-3.1.0.jar;C:\Users\Kiwi\.m2\repository\jakarta\transaction\jakarta.transaction-api\2.0.1\jakarta.transaction-api-2.0.1.jar;C:\Users\Kiwi\.m2\repository\org\jboss\logging\jboss-logging\3.5.0.Final\jboss-logging-3.5.0.Final.jar;C:\Users\Kiwi\.m2\repository\org\hibernate\common\hibernate-commons-annotations\6.0.6.Final\hibernate-commons-annotations-6.0.6.Final.jar;C:\Users\Kiwi\.m2\repository\org\jboss\jandex\2.4.2.Final\jandex-2.4.2.Final.jar;C:\Users\Kiwi\.m2\repository\com\fasterxml\classmate\1.5.1\classmate-1.5.1.jar;C:\Users\Kiwi\.m2\repository\org\glassfish\jaxb\jaxb-runtime\4.0.2\jaxb-runtime-4.0.2.jar;C:\Users\Kiwi\.m2\repository\org\glassfish\jaxb\jaxb-core\4.0.2\jaxb-core-4.0.2.jar;C:\Users\Kiwi\.m2\repository\org\eclipse\angus\angus-activation\2.0.0\angus-activation-2.0.0.jar;C:\Users\Kiwi\.m2\repository\org\glassfish\jaxb\txw2\4.0.2\txw2-4.0.2.jar;C:\Users\Kiwi\.m2\repository\com\sun\istack\istack-commons-runtime\4.1.1\istack-commons-runtime-4.1.1.jar;C:\Users\Kiwi\.m2\repository\jakarta\inject\jakarta.inject-api\2.0.0\jakarta.inject-api-2.0.0.jar;C:\Users\Kiwi\.m2\repository\org\antlr\antlr4-runtime\4.10.1\antlr4-runtime-4.10.1.jar;C:\Users\Kiwi\.m2\repository\org\springframework\spring-aspects\6.0.7\spring-aspects-6.0.7.jar
Launcher Type: SUN_STANDARD

[Global flags]
     intx CICompilerCount                          = 4                                         {product} {ergonomic}
     uint ConcGCThreads                            = 2                                         {product} {ergonomic}
     uint G1ConcRefinementThreads                  = 8                                         {product} {ergonomic}
   size_t G1HeapRegionSize                         = 2097152                                   {product} {ergonomic}
    uintx GCDrainStackTargetSize                   = 64                                        {product} {ergonomic}
   size_t InitialHeapSize                          = 268435456                                 {product} {ergonomic}
   size_t MarkStackSize                            = 4194304                                   {product} {ergonomic}
   size_t MaxHeapSize                              = 4278190080                                {product} {ergonomic}
   size_t MaxNewSize                               = 2566914048                                {product} {ergonomic}
   size_t MinHeapDeltaBytes                        = 2097152                                   {product} {ergonomic}
   size_t MinHeapSize                              = 8388608                                   {product} {ergonomic}
    uintx NonNMethodCodeHeapSize                   = 5839372                                {pd product} {ergonomic}
    uintx NonProfiledCodeHeapSize                  = 122909434                              {pd product} {ergonomic}
    uintx ProfiledCodeHeapSize                     = 122909434                              {pd product} {ergonomic}
    uintx ReservedCodeCacheSize                    = 251658240                              {pd product} {ergonomic}
     bool SegmentedCodeCache                       = true                                      {product} {ergonomic}
   size_t SoftMaxHeapSize                          = 4278190080                             {manageable} {ergonomic}
     bool UseCompressedClassPointers               = true                           {product lp64_product} {ergonomic}
     bool UseCompressedOops                        = true                           {product lp64_product} {ergonomic}
     bool UseG1GC                                  = true                                      {product} {ergonomic}
     bool UseLargePagesIndividualAllocation        = false                                  {pd product} {ergonomic}

Logging:
Log output configuration:
 #0: stdout all=warning uptime,level,tags foldmultilines=false
 #1: stderr all=off uptime,level,tags foldmultilines=false

Environment Variables:
PATH=C:\Program Files (x86)\NVIDIA Corporation\PhysX\Common;C:\Program Files\Common Files\Oracle\Java\javapath;C:\Program Files (x86)\Common Files\Intel\Shared Libraries\redist\intel64\compiler;C:\Windows\system32;C:\Windows;C:\Windows\System32\Wbem;C:\Windows\System32\WindowsPowerShell\v1.0\;C:\Windows\System32\OpenSSH\;C:\Program Files\Microsoft VS Code\bin;C:\Program Files\nodejs\;C:\Program Files\dotnet\;C:\Program Files\Git\cmd;C:\Program Files\NVIDIA Corporation\NVIDIA NvDLISR;C:\Users\Kiwi\AppData\Local\Microsoft\WindowsApps;C:\Users\Kiwi\AppData\Roaming\npm;C:\Users\Kiwi\.dotnet\tools
USERNAME=Kiwi
OS=Windows_NT
PROCESSOR_IDENTIFIER=AMD64 Family 23 Model 24 Stepping 1, AuthenticAMD
TMP=C:\Users\Kiwi\AppData\Local\Temp
TEMP=C:\Users\Kiwi\AppData\Local\Temp



---------------  S Y S T E M  ---------------

OS:
 Windows 10 , 64 bit Build 19041 (10.0.19041.2788)
OS uptime: 7 days 8:40 hours

CPU: total 8 (initial active 8) (8 cores per cpu, 2 threads per core) family 23 model 24 stepping 1 microcode 0x0, cx8, cmov, fxsr, ht, mmx, 3dnowpref, sse, sse2, sse3, ssse3, sse4a, sse4.1, sse4.2, popcnt, lzcnt, tsc, tscinvbit, avx, avx2, aes, clmul, bmi1, bmi2, adx, sha, fma, vzeroupper, clflush, clflushopt, rdtscp

Memory: 4k page, system-wide physical 16312M (2712M free)
TotalPageFile size 48936M (AvailPageFile size 8M)
current process WorkingSet (physical memory assigned to process): 272M, peak: 328M
current process commit charge ("private bytes"): 312M, peak: 410M

vm_info: Java HotSpot(TM) 64-Bit Server VM (19.0.2+7-44) for windows-amd64 JRE (19.0.2+7-44), built on 2022-11-30T18:02:09Z by "mach5one" with MS VC++ 17.1 (VS2022)

END.
